#
# A fatal error has been detected by the Java Runtime Environment:
#
#  SIGSEGV (0xb) at pc=0x000000010c26b23b, pid=1599, tid=0x0000000000002503
#
# JRE version: Java(TM) SE Runtime Environment (8.0_101-b13) (build 1.8.0_101-b13)
# Java VM: Java HotSpot(TM) 64-Bit Server VM (25.101-b13 mixed mode bsd-amd64 compressed oops)
# Problematic frame:
# V  [libjvm.dylib+0x4c523b]  PSPromotionManager::oop_promotion_failed(oopDesc*, markOopDesc*)+0x9b
#
# Failed to write core dump. Core dumps have been disabled. To enable core dumping, try "ulimit -c unlimited" before starting Java again
#
# If you would like to submit a bug report, please visit:
#   http://bugreport.java.com/bugreport/crash.jsp
#

---------------  T H R E A D  ---------------

Current thread (0x00007fefc300d800):  GCTaskThread [stack: 0x000070000ab9f000,0x000070000ac9f000] [id=9475]

siginfo: si_signo: 11 (SIGSEGV), si_code: 0 (unknown), si_addr: 0x0000000000000000

Registers:
RAX=0x00000001207c1640, RBX=0x0000000000000005, RCX=0x00000007aa059803, RDX=0x00000007aa0598d0
RSP=0x000070000ac9ec40, RBP=0x000070000ac9ec60, RSI=0x00007fefc2024000, RDI=0x00000007c00014d0
R8 =0x000000010c689e16, R9 =0x0000000000000000, R10=0x0000000000001012, R11=0x0000000000000206
R12=0x00007fefc2024028, R13=0x0000000000000000, R14=0x00000007aa0598d0, R15=0x00007fefc2024000
RIP=0x000000010c26b23b, EFLAGS=0x0000000000010213, ERR=0x0000000000000000
  TRAPNO=0x000000000000000d

Top of Stack: (sp=0x000070000ac9ec40)
0x000070000ac9ec40:   000070000ac9ec60 0000000000000005
0x000070000ac9ec50:   00007fefc2024000 00000000040f82ef
0x000070000ac9ec60:   000070000ac9ecd0 000000010c26c2a1
0x000070000ac9ec70:   000000078999fd1c 00000007aa0598d0
0x000070000ac9ec80:   00000007b7e5f910 0000000000001000
0x000070000ac9ec90:   00007fefc2024000 00000007899a02e0
0x000070000ac9eca0:   000000000000000d 00000007b7e634dd
0x000070000ac9ecb0:   000000010c689e16 00000007b7e634dd
0x000070000ac9ecc0:   00000007b7e634dc 00007fefc2024098
0x000070000ac9ecd0:   000070000ac9ecf0 000000010c26c4e7
0x000070000ac9ece0:   00007fefc2024000 00007fefc2024060
0x000070000ac9ecf0:   000070000ac9ed50 000000010c26b507
0x000070000ac9ed00:   000000011d30ce00 00007fefc5688800
0x000070000ac9ed10:   00000007b7e634dd 0000000003c4ce01
0x000070000ac9ed20:   00007fefc300d800 00007fefc2806680
0x000070000ac9ed30:   0000000000000000 000000010c3b7a93
0x000070000ac9ed40:   00007fefc2024000 0000000000000001
0x000070000ac9ed50:   000070000ac9edb0 000000010c26f0de
0x000070000ac9ed60:   000070000ac9ed80 000000010c673050
0x000070000ac9ed70:   0000000000000000 000070000ac9ed88
0x000070000ac9ed80:   000070000ac9ed01 000000010c5d83e0
0x000070000ac9ed90:   000000010c5d8300 00007fefc2024000
0x000070000ac9eda0:   00007fefc300d800 00007fefc2806680
0x000070000ac9edb0:   000070000ac9ee90 000000010c01bc03
0x000070000ac9edc0:   000070000ac9edf0 00007fefc2908210
0x000070000ac9edd0:   00007fefc2908240 00007fefc2908250
0x000070000ac9ede0:   00007fefc2908628 00000000000003d8
0x000070000ac9edf0:   00007fefc300d800 00007fefc2908630
0x000070000ac9ee00:   00007fefc2908670 00007fefc2908680
0x000070000ac9ee10:   00007fefc2908758 00000000000000d8
0x000070000ac9ee20:   000070000ac9ee30 0000000000000000
0x000070000ac9ee30:   00007fefc300d800 00007fefc2908630 

Instructions: (pc=0x000000010c26b23b)
0x000000010c26b21b:   7e 08 48 d3 e7 48 03 38 eb 04 49 8b 7e 08 81 7f
0x000000010c26b22b:   08 ff ff ff bf 77 0f 48 8b 07 4c 89 fe 4c 89 f2
0x000000010c26b23b:   ff 90 18 01 00 00 4c 89 f7 48 89 de e8 c0 1b 00
0x000000010c26b24b:   00 4c 89 f0 eb 51 49 8b 06 48 83 e0 03 48 83 f8 

Register to memory mapping:

RAX={method} {0x00000001207c1640} 'hashCode' '()I' in 'java/lang/Object'
RBX=0x0000000000000005 is an unknown value
RCX=0x00000007aa059803 is an unknown value
RDX=0x00000007aa0598d0 is an oop
